<?xml version="1.0" encoding="UTF-8"?>
<!-- Generated by org.testng.reporters.JUnitXMLReporter -->
<testsuite hostname="DESKTOP-9IUKI7L" ignored="0" name="LinkedinTest" tests="4" failures="0" timestamp="2020-08-23T11:05:43 CDT" time="32.819" errors="0">
  <testcase name="searchPeopleTest" time="3.096" classname="com.qa.project.testcases.SearchDDTest"/>
  <testcase name="searchPeopleTest" time="2.866" classname="com.qa.project.testcases.SearchDDTest"/>
  <testcase name="searchPeopleTest" time="3.339" classname="com.qa.project.testcases.SearchDDTest"/>
  <testcase name="searchPeopleTest" time="2.951" classname="com.qa.project.testcases.SearchDDTest"/>
</testsuite> <!-- LinkedinTest -->
