<?xml version="1.0" encoding="UTF-8"?>
<testng-results skipped="0" failed="0" ignored="0" total="4" passed="4">
  <reporter-output>
  </reporter-output>
  <suite name="LinkedinSuite" duration-ms="32819" started-at="2020-08-23T11:05:10 CDT" finished-at="2020-08-23T11:05:43 CDT">
    <groups>
    </groups>
    <test name="LinkedinTest" duration-ms="32819" started-at="2020-08-23T11:05:10 CDT" finished-at="2020-08-23T11:05:43 CDT">
      <class name="com.qa.project.testcases.SearchDDTest">
        <test-method status="PASS" signature="setUp()[pri:0, instance:com.qa.project.testcases.SearchDDTest@c540f5a]" name="setUp" is-config="true" duration-ms="8118" started-at="2020-08-23T11:05:02 CDT" finished-at="2020-08-23T11:05:10 CDT">
          <reporter-output>
          </reporter-output>
        </test-method> <!-- setUp -->
        <test-method status="PASS" signature="beforeClass()[pri:0, instance:com.qa.project.testcases.SearchDDTest@c540f5a]" name="beforeClass" is-config="true" duration-ms="18458" started-at="2020-08-23T11:05:10 CDT" finished-at="2020-08-23T11:05:29 CDT">
          <reporter-output>
          </reporter-output>
        </test-method> <!-- beforeClass -->
        <test-method status="PASS" signature="searchPeopleTest(java.lang.String)[pri:0, instance:com.qa.project.testcases.SearchDDTest@c540f5a]" name="searchPeopleTest" duration-ms="3096" started-at="2020-08-23T11:05:30 CDT" data-provider="testData" finished-at="2020-08-23T11:05:33 CDT">
          <params>
            <param index="0">
              <value>
                <![CDATA[Aswini]]>
              </value>
            </param>
          </params>
          <reporter-output>
          </reporter-output>
        </test-method> <!-- searchPeopleTest -->
        <test-method status="PASS" signature="searchPeopleTest(java.lang.String)[pri:0, instance:com.qa.project.testcases.SearchDDTest@c540f5a]" name="searchPeopleTest" duration-ms="2866" started-at="2020-08-23T11:05:33 CDT" data-provider="testData" finished-at="2020-08-23T11:05:36 CDT">
          <params>
            <param index="0">
              <value>
                <![CDATA[Malleswari]]>
              </value>
            </param>
          </params>
          <reporter-output>
          </reporter-output>
        </test-method> <!-- searchPeopleTest -->
        <test-method status="PASS" signature="searchPeopleTest(java.lang.String)[pri:0, instance:com.qa.project.testcases.SearchDDTest@c540f5a]" name="searchPeopleTest" duration-ms="3339" started-at="2020-08-23T11:05:36 CDT" data-provider="testData" finished-at="2020-08-23T11:05:39 CDT">
          <params>
            <param index="0">
              <value>
                <![CDATA[Usha]]>
              </value>
            </param>
          </params>
          <reporter-output>
          </reporter-output>
        </test-method> <!-- searchPeopleTest -->
        <test-method status="PASS" signature="searchPeopleTest(java.lang.String)[pri:0, instance:com.qa.project.testcases.SearchDDTest@c540f5a]" name="searchPeopleTest" duration-ms="2951" started-at="2020-08-23T11:05:39 CDT" data-provider="testData" finished-at="2020-08-23T11:05:42 CDT">
          <params>
            <param index="0">
              <value>
                <![CDATA[Saritha]]>
              </value>
            </param>
          </params>
          <reporter-output>
          </reporter-output>
        </test-method> <!-- searchPeopleTest -->
        <test-method status="PASS" signature="afterClass()[pri:0, instance:com.qa.project.testcases.SearchDDTest@c540f5a]" name="afterClass" is-config="true" duration-ms="1076" started-at="2020-08-23T11:05:42 CDT" finished-at="2020-08-23T11:05:43 CDT">
          <reporter-output>
          </reporter-output>
        </test-method> <!-- afterClass -->
        <test-method status="PASS" signature="tearDown()[pri:0, instance:com.qa.project.testcases.SearchDDTest@c540f5a]" name="tearDown" is-config="true" duration-ms="4388" started-at="2020-08-23T11:05:44 CDT" finished-at="2020-08-23T11:05:48 CDT">
          <reporter-output>
          </reporter-output>
        </test-method> <!-- tearDown -->
      </class> <!-- com.qa.project.testcases.SearchDDTest -->
    </test> <!-- LinkedinTest -->
  </suite> <!-- LinkedinSuite -->
</testng-results>
